12/09/2022 04:33:53 PM - INFO - Logging.Customlogger : Setting the chrome options
12/09/2022 04:33:54 PM - INFO - Logging.Customlogger : opening the url
12/09/2022 04:34:02 PM - INFO - Logging.Customlogger : See more Option clicked
12/09/2022 04:34:02 PM - INFO - Logging.Customlogger : Getting the course links
12/09/2022 04:34:03 PM - INFO - Logging.Customlogger : selecting the category APTITUDE 
12/09/2022 04:34:03 PM - INFO - Logging.Customlogger : scrolling down
12/09/2022 04:34:09 PM - INFO - Logging.Customlogger : scrolled down
12/09/2022 04:34:13 PM - INFO - Logging.Customlogger : scrolling up
12/09/2022 04:34:13 PM - INFO - Logging.Customlogger : scrolled_up
12/09/2022 04:34:14 PM - INFO - Logging.Customlogger : selecting the category AR VR 
12/09/2022 04:34:14 PM - INFO - Logging.Customlogger : scrolling down
12/09/2022 04:34:14 PM - INFO - Logging.Customlogger : scrolled down
12/09/2022 04:34:18 PM - INFO - Logging.Customlogger : scrolling up
12/09/2022 04:34:18 PM - INFO - Logging.Customlogger : scrolled_up
12/09/2022 04:34:19 PM - INFO - Logging.Customlogger : selecting the category BIG DATA 
12/09/2022 04:34:19 PM - INFO - Logging.Customlogger : scrolling down
12/09/2022 04:34:25 PM - INFO - Logging.Customlogger : scrolled down
12/09/2022 04:34:29 PM - INFO - Logging.Customlogger : scrolling up
12/09/2022 04:34:29 PM - INFO - Logging.Customlogger : scrolled_up
12/09/2022 04:34:29 PM - INFO - Logging.Customlogger : selecting the category BLOCKCHAIN 
12/09/2022 04:34:29 PM - INFO - Logging.Customlogger : scrolling down
12/09/2022 04:34:31 PM - INFO - Logging.Customlogger : scrolled down
12/09/2022 04:34:35 PM - INFO - Logging.Customlogger : scrolling up
12/09/2022 04:34:35 PM - INFO - Logging.Customlogger : scrolled_up
12/09/2022 04:34:35 PM - INFO - Logging.Customlogger : selecting the category CLOUD 
12/09/2022 04:34:35 PM - INFO - Logging.Customlogger : scrolling down
12/09/2022 04:34:39 PM - INFO - Logging.Customlogger : scrolled down
12/09/2022 04:34:43 PM - INFO - Logging.Customlogger : scrolling up
12/09/2022 04:34:43 PM - INFO - Logging.Customlogger : scrolled_up
12/09/2022 04:34:44 PM - INFO - Logging.Customlogger : selecting the category CYBER SECURITY 
12/09/2022 04:34:44 PM - INFO - Logging.Customlogger : scrolling down
12/09/2022 04:34:45 PM - INFO - Logging.Customlogger : scrolled down
12/09/2022 04:34:49 PM - INFO - Logging.Customlogger : scrolling up
12/09/2022 04:34:49 PM - INFO - Logging.Customlogger : scrolled_up
12/09/2022 04:34:49 PM - INFO - Logging.Customlogger : selecting the category DATA ANALYTICS 
12/09/2022 04:34:49 PM - INFO - Logging.Customlogger : scrolling down
12/09/2022 04:34:56 PM - INFO - Logging.Customlogger : scrolled down
12/09/2022 04:35:00 PM - INFO - Logging.Customlogger : scrolling up
12/09/2022 04:35:00 PM - INFO - Logging.Customlogger : scrolled_up
12/09/2022 04:35:01 PM - INFO - Logging.Customlogger : selecting the category DATA SCIENCE 
12/09/2022 04:35:01 PM - INFO - Logging.Customlogger : scrolling down
12/09/2022 04:35:31 PM - INFO - Logging.Customlogger : scrolled down
12/09/2022 04:35:35 PM - INFO - Logging.Customlogger : scrolling up
12/09/2022 04:35:35 PM - INFO - Logging.Customlogger : scrolled_up
12/09/2022 04:35:36 PM - INFO - Logging.Customlogger : selecting the category DATA STRUCTURE 
12/09/2022 04:35:36 PM - INFO - Logging.Customlogger : scrolling down
12/09/2022 04:35:44 PM - INFO - Logging.Customlogger : scrolled down
12/09/2022 04:35:48 PM - INFO - Logging.Customlogger : scrolling up
12/09/2022 04:35:48 PM - INFO - Logging.Customlogger : scrolled_up
12/09/2022 04:35:49 PM - INFO - Logging.Customlogger : selecting the category DATABASE 
12/09/2022 04:35:49 PM - INFO - Logging.Customlogger : scrolling down
12/09/2022 04:35:51 PM - INFO - Logging.Customlogger : scrolled down
12/09/2022 04:35:55 PM - INFO - Logging.Customlogger : scrolling up
12/09/2022 04:35:55 PM - INFO - Logging.Customlogger : scrolled_up
12/09/2022 04:35:55 PM - INFO - Logging.Customlogger : selecting the category DEVOPS 
12/09/2022 04:35:55 PM - INFO - Logging.Customlogger : scrolling down
12/09/2022 04:35:59 PM - INFO - Logging.Customlogger : scrolled down
12/09/2022 04:36:03 PM - INFO - Logging.Customlogger : scrolling up
12/09/2022 04:36:03 PM - INFO - Logging.Customlogger : scrolled_up
12/09/2022 04:36:03 PM - INFO - Logging.Customlogger : selecting the category DIGITAL MARKETING 
12/09/2022 04:36:03 PM - INFO - Logging.Customlogger : scrolling down
12/09/2022 04:36:06 PM - INFO - Logging.Customlogger : scrolled down
12/09/2022 04:36:10 PM - INFO - Logging.Customlogger : scrolling up
12/09/2022 04:36:10 PM - INFO - Logging.Customlogger : scrolled_up
12/09/2022 04:36:10 PM - INFO - Logging.Customlogger : selecting the category IOT 
12/09/2022 04:36:10 PM - INFO - Logging.Customlogger : scrolling down
12/09/2022 04:36:11 PM - INFO - Logging.Customlogger : scrolled down
12/09/2022 04:36:15 PM - INFO - Logging.Customlogger : scrolling up
12/09/2022 04:36:15 PM - INFO - Logging.Customlogger : scrolled_up
12/09/2022 04:36:15 PM - INFO - Logging.Customlogger : selecting the category K12 
12/09/2022 04:36:15 PM - INFO - Logging.Customlogger : scrolling down
12/09/2022 04:36:25 PM - INFO - Logging.Customlogger : scrolled down
12/09/2022 04:36:29 PM - INFO - Logging.Customlogger : scrolling up
12/09/2022 04:36:29 PM - INFO - Logging.Customlogger : scrolled_up
12/09/2022 04:36:30 PM - INFO - Logging.Customlogger : selecting the category MOBILE DEVELOPEMENT 
12/09/2022 04:36:30 PM - INFO - Logging.Customlogger : scrolling down
12/09/2022 04:36:34 PM - INFO - Logging.Customlogger : scrolled down
12/09/2022 04:36:38 PM - INFO - Logging.Customlogger : scrolling up
12/09/2022 04:36:38 PM - INFO - Logging.Customlogger : scrolled_up
12/09/2022 04:36:39 PM - INFO - Logging.Customlogger : selecting the category PROGRAMMING 
12/09/2022 04:36:39 PM - INFO - Logging.Customlogger : scrolling down
12/09/2022 04:36:45 PM - INFO - Logging.Customlogger : scrolled down
12/09/2022 04:36:49 PM - INFO - Logging.Customlogger : scrolling up
12/09/2022 04:36:49 PM - INFO - Logging.Customlogger : scrolled_up
12/09/2022 04:36:49 PM - INFO - Logging.Customlogger : selecting the category RESUME 
12/09/2022 04:36:49 PM - INFO - Logging.Customlogger : scrolling down
12/09/2022 04:36:50 PM - INFO - Logging.Customlogger : scrolled down
12/09/2022 04:36:54 PM - INFO - Logging.Customlogger : scrolling up
12/09/2022 04:36:54 PM - INFO - Logging.Customlogger : scrolled_up
12/09/2022 04:36:54 PM - INFO - Logging.Customlogger : selecting the category RPA 
12/09/2022 04:36:54 PM - INFO - Logging.Customlogger : scrolling down
12/09/2022 04:36:55 PM - INFO - Logging.Customlogger : scrolled down
12/09/2022 04:36:59 PM - INFO - Logging.Customlogger : scrolling up
12/09/2022 04:36:59 PM - INFO - Logging.Customlogger : scrolled_up
12/09/2022 04:37:00 PM - INFO - Logging.Customlogger : selecting the category SALESFORCE 
12/09/2022 04:37:00 PM - INFO - Logging.Customlogger : scrolling down
12/09/2022 04:37:00 PM - INFO - Logging.Customlogger : scrolled down
12/09/2022 04:37:04 PM - INFO - Logging.Customlogger : scrolling up
12/09/2022 04:37:04 PM - INFO - Logging.Customlogger : scrolled_up
12/09/2022 04:37:05 PM - INFO - Logging.Customlogger : selecting the category SYSTEM DESIGN 
12/09/2022 04:37:05 PM - INFO - Logging.Customlogger : scrolling down
12/09/2022 04:37:07 PM - INFO - Logging.Customlogger : scrolled down
12/09/2022 04:37:11 PM - INFO - Logging.Customlogger : scrolling up
12/09/2022 04:37:11 PM - INFO - Logging.Customlogger : scrolled_up
12/09/2022 04:37:12 PM - INFO - Logging.Customlogger : selecting the category TESTING 
12/09/2022 04:37:12 PM - INFO - Logging.Customlogger : scrolling down
12/09/2022 04:37:15 PM - INFO - Logging.Customlogger : scrolled down
12/09/2022 04:37:19 PM - INFO - Logging.Customlogger : scrolling up
12/09/2022 04:37:19 PM - INFO - Logging.Customlogger : scrolled_up
12/09/2022 04:37:20 PM - INFO - Logging.Customlogger : selecting the category WEB DEVELOPEMENT 
12/09/2022 04:37:21 PM - INFO - Logging.Customlogger : scrolling down
12/09/2022 04:37:31 PM - INFO - Logging.Customlogger : scrolled down
12/09/2022 04:37:35 PM - INFO - Logging.Customlogger : scrolling up
12/09/2022 04:37:35 PM - INFO - Logging.Customlogger : scrolled_up
12/09/2022 04:37:36 PM - INFO - Logging.Customlogger : List of course links received
12/09/2022 04:37:36 PM - INFO - Logging.Customlogger : The output folder exists
12/09/2022 04:37:36 PM - INFO - Logging.Customlogger : saving the links to an excel
12/09/2022 04:37:36 PM - INFO - Logging.Customlogger : Setting the chrome options
12/09/2022 04:37:37 PM - INFO - Logging.Customlogger : opening the url
12/09/2022 04:37:45 PM - INFO - Logging.Customlogger : See more Option clicked
12/09/2022 04:37:45 PM - INFO - Logging.Customlogger : Getting the course links
12/09/2022 04:37:45 PM - INFO - Logging.Customlogger : selecting the category APTITUDE 
12/09/2022 04:37:45 PM - INFO - Logging.Customlogger : scrolling down
12/09/2022 04:37:50 PM - INFO - Logging.Customlogger : scrolled down
12/09/2022 04:37:54 PM - INFO - Logging.Customlogger : scrolling up
12/09/2022 04:37:54 PM - INFO - Logging.Customlogger : scrolled_up
12/09/2022 04:37:55 PM - INFO - Logging.Customlogger : selecting the category AR VR 
12/09/2022 04:37:55 PM - INFO - Logging.Customlogger : scrolling down
12/09/2022 04:37:55 PM - INFO - Logging.Customlogger : scrolled down
12/09/2022 04:37:59 PM - INFO - Logging.Customlogger : scrolling up
12/09/2022 04:37:59 PM - INFO - Logging.Customlogger : scrolled_up
12/09/2022 04:38:00 PM - INFO - Logging.Customlogger : selecting the category BIG DATA 
12/09/2022 04:38:00 PM - INFO - Logging.Customlogger : scrolling down
12/09/2022 04:38:05 PM - INFO - Logging.Customlogger : scrolled down
12/09/2022 04:38:09 PM - INFO - Logging.Customlogger : scrolling up
12/09/2022 04:38:09 PM - INFO - Logging.Customlogger : scrolled_up
12/09/2022 04:38:09 PM - INFO - Logging.Customlogger : selecting the category BLOCKCHAIN 
12/09/2022 04:38:09 PM - INFO - Logging.Customlogger : scrolling down
12/09/2022 04:38:10 PM - INFO - Logging.Customlogger : scrolled down
12/09/2022 04:38:14 PM - INFO - Logging.Customlogger : scrolling up
12/09/2022 04:38:14 PM - INFO - Logging.Customlogger : scrolled_up
12/09/2022 04:38:15 PM - INFO - Logging.Customlogger : selecting the category CLOUD 
12/09/2022 04:38:15 PM - INFO - Logging.Customlogger : scrolling down
12/09/2022 04:38:18 PM - INFO - Logging.Customlogger : scrolled down
12/09/2022 04:38:22 PM - INFO - Logging.Customlogger : scrolling up
12/09/2022 04:38:22 PM - INFO - Logging.Customlogger : scrolled_up
12/09/2022 04:38:22 PM - INFO - Logging.Customlogger : selecting the category CYBER SECURITY 
12/09/2022 04:38:22 PM - INFO - Logging.Customlogger : scrolling down
12/09/2022 04:38:23 PM - INFO - Logging.Customlogger : scrolled down
12/09/2022 04:38:27 PM - INFO - Logging.Customlogger : scrolling up
12/09/2022 04:38:27 PM - INFO - Logging.Customlogger : scrolled_up
12/09/2022 04:38:28 PM - INFO - Logging.Customlogger : selecting the category DATA ANALYTICS 
12/09/2022 04:38:28 PM - INFO - Logging.Customlogger : scrolling down
12/09/2022 04:38:33 PM - INFO - Logging.Customlogger : scrolled down
12/09/2022 04:38:37 PM - INFO - Logging.Customlogger : scrolling up
12/09/2022 04:38:37 PM - INFO - Logging.Customlogger : scrolled_up
12/09/2022 04:38:38 PM - INFO - Logging.Customlogger : selecting the category DATA SCIENCE 
12/09/2022 04:38:38 PM - INFO - Logging.Customlogger : scrolling down
12/09/2022 04:38:58 PM - INFO - Logging.Customlogger : scrolled down
12/09/2022 04:39:02 PM - INFO - Logging.Customlogger : scrolling up
12/09/2022 04:39:02 PM - INFO - Logging.Customlogger : scrolled_up
12/09/2022 04:39:05 PM - INFO - Logging.Customlogger : selecting the category DATA STRUCTURE 
12/09/2022 04:39:05 PM - INFO - Logging.Customlogger : scrolling down
12/09/2022 04:39:09 PM - INFO - Logging.Customlogger : scrolled down
12/09/2022 04:39:13 PM - INFO - Logging.Customlogger : scrolling up
12/09/2022 04:39:13 PM - INFO - Logging.Customlogger : scrolled_up
12/09/2022 04:39:13 PM - INFO - Logging.Customlogger : selecting the category DATABASE 
12/09/2022 04:39:13 PM - INFO - Logging.Customlogger : scrolling down
12/09/2022 04:39:15 PM - INFO - Logging.Customlogger : scrolled down
12/09/2022 04:39:19 PM - INFO - Logging.Customlogger : scrolling up
12/09/2022 04:39:19 PM - INFO - Logging.Customlogger : scrolled_up
12/09/2022 04:39:19 PM - INFO - Logging.Customlogger : selecting the category DEVOPS 
12/09/2022 04:39:19 PM - INFO - Logging.Customlogger : scrolling down
12/09/2022 04:39:22 PM - INFO - Logging.Customlogger : scrolled down
12/09/2022 04:39:26 PM - INFO - Logging.Customlogger : scrolling up
12/09/2022 04:39:26 PM - INFO - Logging.Customlogger : scrolled_up
12/09/2022 04:39:26 PM - INFO - Logging.Customlogger : selecting the category DIGITAL MARKETING 
12/09/2022 04:39:26 PM - INFO - Logging.Customlogger : scrolling down
12/09/2022 04:39:28 PM - INFO - Logging.Customlogger : scrolled down
12/09/2022 04:39:32 PM - INFO - Logging.Customlogger : scrolling up
12/09/2022 04:39:32 PM - INFO - Logging.Customlogger : scrolled_up
12/09/2022 04:39:32 PM - INFO - Logging.Customlogger : selecting the category IOT 
12/09/2022 04:39:32 PM - INFO - Logging.Customlogger : scrolling down
12/09/2022 04:39:33 PM - INFO - Logging.Customlogger : scrolled down
12/09/2022 04:39:37 PM - INFO - Logging.Customlogger : scrolling up
12/09/2022 04:39:37 PM - INFO - Logging.Customlogger : scrolled_up
12/09/2022 04:39:37 PM - INFO - Logging.Customlogger : selecting the category K12 
12/09/2022 04:39:37 PM - INFO - Logging.Customlogger : scrolling down
12/09/2022 04:39:46 PM - INFO - Logging.Customlogger : scrolled down
12/09/2022 04:39:50 PM - INFO - Logging.Customlogger : scrolling up
12/09/2022 04:39:50 PM - INFO - Logging.Customlogger : scrolled_up
12/09/2022 04:39:51 PM - INFO - Logging.Customlogger : selecting the category MOBILE DEVELOPEMENT 
12/09/2022 04:39:51 PM - INFO - Logging.Customlogger : scrolling down
12/09/2022 04:39:54 PM - INFO - Logging.Customlogger : scrolled down
12/09/2022 04:39:58 PM - INFO - Logging.Customlogger : scrolling up
12/09/2022 04:39:58 PM - INFO - Logging.Customlogger : scrolled_up
12/09/2022 04:39:59 PM - INFO - Logging.Customlogger : selecting the category PROGRAMMING 
12/09/2022 04:39:59 PM - INFO - Logging.Customlogger : scrolling down
12/09/2022 04:40:04 PM - INFO - Logging.Customlogger : scrolled down
12/09/2022 04:40:08 PM - INFO - Logging.Customlogger : scrolling up
12/09/2022 04:40:08 PM - INFO - Logging.Customlogger : scrolled_up
12/09/2022 04:40:08 PM - INFO - Logging.Customlogger : selecting the category RESUME 
12/09/2022 04:40:08 PM - INFO - Logging.Customlogger : scrolling down
12/09/2022 04:40:09 PM - INFO - Logging.Customlogger : scrolled down
12/09/2022 04:40:13 PM - INFO - Logging.Customlogger : scrolling up
12/09/2022 04:40:13 PM - INFO - Logging.Customlogger : scrolled_up
12/09/2022 04:40:13 PM - INFO - Logging.Customlogger : selecting the category RPA 
12/09/2022 04:40:13 PM - INFO - Logging.Customlogger : scrolling down
12/09/2022 04:40:14 PM - INFO - Logging.Customlogger : scrolled down
12/09/2022 04:40:18 PM - INFO - Logging.Customlogger : scrolling up
12/09/2022 04:40:18 PM - INFO - Logging.Customlogger : scrolled_up
12/09/2022 04:40:18 PM - INFO - Logging.Customlogger : selecting the category SALESFORCE 
12/09/2022 04:40:18 PM - INFO - Logging.Customlogger : scrolling down
12/09/2022 04:40:19 PM - INFO - Logging.Customlogger : scrolled down
12/09/2022 04:40:23 PM - INFO - Logging.Customlogger : scrolling up
12/09/2022 04:40:23 PM - INFO - Logging.Customlogger : scrolled_up
12/09/2022 04:40:23 PM - INFO - Logging.Customlogger : selecting the category SYSTEM DESIGN 
12/09/2022 04:40:24 PM - INFO - Logging.Customlogger : scrolling down
12/09/2022 04:40:26 PM - INFO - Logging.Customlogger : scrolled down
12/09/2022 04:40:30 PM - INFO - Logging.Customlogger : scrolling up
12/09/2022 04:40:30 PM - INFO - Logging.Customlogger : scrolled_up
12/09/2022 04:40:30 PM - INFO - Logging.Customlogger : selecting the category TESTING 
12/09/2022 04:40:30 PM - INFO - Logging.Customlogger : scrolling down
12/09/2022 04:40:32 PM - INFO - Logging.Customlogger : scrolled down
12/09/2022 04:40:36 PM - INFO - Logging.Customlogger : scrolling up
12/09/2022 04:40:36 PM - INFO - Logging.Customlogger : scrolled_up
12/09/2022 04:40:36 PM - INFO - Logging.Customlogger : selecting the category WEB DEVELOPEMENT 
12/09/2022 04:40:36 PM - INFO - Logging.Customlogger : scrolling down
12/09/2022 04:40:48 PM - INFO - Logging.Customlogger : scrolled down
12/09/2022 04:40:52 PM - INFO - Logging.Customlogger : scrolling up
12/09/2022 04:40:52 PM - INFO - Logging.Customlogger : scrolled_up
12/09/2022 04:40:52 PM - INFO - Logging.Customlogger : List of course links received
12/09/2022 04:40:52 PM - INFO - Logging.Customlogger : The output folder exists
12/09/2022 04:40:52 PM - INFO - Logging.Customlogger : saving the links to an excel
